<?xml version="1.0" encoding="UTF-8"?>
<!-- Generated by org.testng.reporters.JUnitReportReporter -->
<testsuite hostname="toni" name="com.egt.tests.TestSLL" tests="1" failures="0" timestamp="10 Jul 2014 13:58:52 GMT" time="0.008" errors="0">
  <testcase name="test" time="0.008" classname="com.egt.tests.TestSLL"/>
</testsuite> <!-- com.egt.tests.TestSLL -->
